06/03/2022 18:25:27 - INFO - tydi_canine.run_tydi_lib - **********  Configuration Arguments **********
06/03/2022 18:25:27 - INFO - tydi_canine.run_tydi_lib - candidate_beam: 30
06/03/2022 18:25:27 - INFO - tydi_canine.run_tydi_lib - checkout_steps: None
06/03/2022 18:25:27 - INFO - tydi_canine.run_tydi_lib - dev_split_ratio: None
06/03/2022 18:25:27 - INFO - tydi_canine.run_tydi_lib - do_file_construct: False
06/03/2022 18:25:27 - INFO - tydi_canine.run_tydi_lib - do_predict: True
06/03/2022 18:25:27 - INFO - tydi_canine.run_tydi_lib - do_train: False
06/03/2022 18:25:27 - INFO - tydi_canine.run_tydi_lib - fp16: False
06/03/2022 18:25:27 - INFO - tydi_canine.run_tydi_lib - gradient_accumulation_steps: 1
06/03/2022 18:25:27 - INFO - tydi_canine.run_tydi_lib - learning_rate: None
06/03/2022 18:25:27 - INFO - tydi_canine.run_tydi_lib - logging_steps: 100
06/03/2022 18:25:27 - INFO - tydi_canine.run_tydi_lib - max_answer_length: 100
06/03/2022 18:25:27 - INFO - tydi_canine.run_tydi_lib - max_position: None
06/03/2022 18:25:27 - INFO - tydi_canine.run_tydi_lib - max_seq_length: 2048
06/03/2022 18:25:27 - INFO - tydi_canine.run_tydi_lib - max_to_predict: None
06/03/2022 18:25:27 - INFO - tydi_canine.run_tydi_lib - num_train_epochs: None
06/03/2022 18:25:27 - INFO - tydi_canine.run_tydi_lib - output_dir: data/tydiqa_baseline_model/predict
06/03/2022 18:25:27 - INFO - tydi_canine.run_tydi_lib - output_prediction_file: data/tydiqa_baseline_model/predict/pred.jsonl
06/03/2022 18:25:27 - INFO - tydi_canine.run_tydi_lib - precomputed_predict_file: data/tydi/dev.h5df
06/03/2022 18:25:27 - INFO - tydi_canine.run_tydi_lib - predict_batch_size: 32
06/03/2022 18:25:27 - INFO - tydi_canine.run_tydi_lib - predict_file: data/tydi/tydiqa-v1.0-dev.jsonl.gz
06/03/2022 18:25:27 - INFO - tydi_canine.run_tydi_lib - scale_loss: 32768
06/03/2022 18:25:27 - INFO - tydi_canine.run_tydi_lib - seed: 2022
06/03/2022 18:25:27 - INFO - tydi_canine.run_tydi_lib - state_dict_path: data/tydiqa_baseline_model/train
06/03/2022 18:25:27 - INFO - tydi_canine.run_tydi_lib - train_batch_size: None
06/03/2022 18:25:27 - INFO - tydi_canine.run_tydi_lib - train_input_dir: None
06/03/2022 18:25:27 - INFO - tydi_canine.run_tydi_lib - warmup_proportion: None
06/03/2022 18:25:27 - INFO - tydi_canine.run_tydi_lib - **************************************************
06/03/2022 18:25:35 - INFO - tydi_canine.run_tydi_lib - >>> Number of prediction samples: 336499
06/03/2022 18:25:37 - INFO - tydi_canine.run_tydi_lib - 
>>>>>> loading weight from data/tydiqa_baseline_model/train/tydi_seed_2022.pdparams
06/03/2022 18:25:39 - INFO - tydi_canine.run_tydi_lib - step 0/2629 time 0.02min
06/03/2022 18:26:45 - INFO - tydi_canine.run_tydi_lib - step 100/2629 time 1.10min
06/03/2022 18:27:52 - INFO - tydi_canine.run_tydi_lib - step 200/2629 time 1.11min
06/03/2022 18:28:59 - INFO - tydi_canine.run_tydi_lib - step 300/2629 time 1.11min
06/03/2022 18:30:06 - INFO - tydi_canine.run_tydi_lib - step 400/2629 time 1.12min
06/03/2022 18:31:13 - INFO - tydi_canine.run_tydi_lib - step 500/2629 time 1.12min
06/03/2022 18:32:20 - INFO - tydi_canine.run_tydi_lib - step 600/2629 time 1.12min
06/03/2022 18:33:27 - INFO - tydi_canine.run_tydi_lib - step 700/2629 time 1.12min
06/03/2022 18:34:35 - INFO - tydi_canine.run_tydi_lib - step 800/2629 time 1.12min
06/03/2022 18:35:42 - INFO - tydi_canine.run_tydi_lib - step 900/2629 time 1.12min
06/03/2022 18:36:49 - INFO - tydi_canine.run_tydi_lib - step 1000/2629 time 1.12min
06/03/2022 18:37:56 - INFO - tydi_canine.run_tydi_lib - step 1100/2629 time 1.12min
06/03/2022 18:39:03 - INFO - tydi_canine.run_tydi_lib - step 1200/2629 time 1.12min
06/03/2022 18:40:10 - INFO - tydi_canine.run_tydi_lib - step 1300/2629 time 1.12min
06/03/2022 18:41:17 - INFO - tydi_canine.run_tydi_lib - step 1400/2629 time 1.12min
06/03/2022 18:42:24 - INFO - tydi_canine.run_tydi_lib - step 1500/2629 time 1.12min
06/03/2022 18:43:32 - INFO - tydi_canine.run_tydi_lib - step 1600/2629 time 1.12min
06/03/2022 18:44:39 - INFO - tydi_canine.run_tydi_lib - step 1700/2629 time 1.12min
06/03/2022 18:45:46 - INFO - tydi_canine.run_tydi_lib - step 1800/2629 time 1.12min
06/03/2022 18:46:53 - INFO - tydi_canine.run_tydi_lib - step 1900/2629 time 1.12min
06/03/2022 18:48:00 - INFO - tydi_canine.run_tydi_lib - step 2000/2629 time 1.12min
06/03/2022 18:49:07 - INFO - tydi_canine.run_tydi_lib - step 2100/2629 time 1.12min
06/03/2022 18:50:14 - INFO - tydi_canine.run_tydi_lib - step 2200/2629 time 1.12min
06/03/2022 18:51:21 - INFO - tydi_canine.run_tydi_lib - step 2300/2629 time 1.12min
06/03/2022 18:52:29 - INFO - tydi_canine.run_tydi_lib - step 2400/2629 time 1.12min
06/03/2022 18:53:36 - INFO - tydi_canine.run_tydi_lib - step 2500/2629 time 1.12min
06/03/2022 18:54:43 - INFO - tydi_canine.run_tydi_lib - step 2600/2629 time 1.12min
06/03/2022 18:55:47 - INFO - tydi_canine.run_tydi_lib - >>> start generating TyqiQA task evaluation file
06/03/2022 18:55:51 - INFO - tydi_canine.run_tydi_lib - >>> Loaded predicted logits from ['data/tydiqa_baseline_model/predict/results_gpu_1.pickle', 'data/tydiqa_baseline_model/predict/results_gpu_3.pickle', 'data/tydiqa_baseline_model/predict/results_gpu_0.pickle', 'data/tydiqa_baseline_model/predict/results_gpu_2.pickle']
06/03/2022 18:55:51 - INFO - tydi_canine.run_tydi_lib - >>> start processing predicted logits
06/03/2022 18:55:53 - INFO - tydi_canine.run_tydi_lib - Reading: data/tydi/tydiqa-v1.0-dev.jsonl.gz
06/03/2022 18:56:01 - INFO - tydi_canine.run_tydi_lib - loading precomputed evaluation meta data....
06/03/2022 18:59:52 - INFO - tydi_canine.run_tydi_lib -   Num candidate examples loaded (includes all shards): 18670
06/03/2022 18:59:52 - INFO - tydi_canine.run_tydi_lib -   Num candidate features loaded: 336499
06/03/2022 18:59:52 - INFO - tydi_canine.run_tydi_lib -   Num prediction result features: 336500
06/03/2022 18:59:53 - INFO - tydi_canine.postproc - Post-processing predictions started.
06/03/2022 18:59:56 - INFO - tydi_canine.postproc - Start Combining results and articles....
06/03/2022 19:03:41 - INFO - tydi_canine.postproc -   Num candidate examples found: 18670
06/03/2022 19:03:41 - INFO - tydi_canine.postproc -   Num candidate features found: 336499
06/03/2022 19:03:41 - INFO - tydi_canine.postproc -   Num results found: 336500
06/03/2022 19:03:41 - INFO - tydi_canine.postproc -   len(merged): 691669
06/03/2022 19:03:41 - INFO - tydi_canine.postproc - >>> Collecting & formatting Article Answers......
06/03/2022 19:03:51 - WARNING - root - No predictions for eval_example 15806027368664557
06/03/2022 19:03:52 - WARNING - root - No passage predicted for eval_example -468420517001016786. Choosing first.
06/03/2022 19:03:52 - WARNING - root - No passage predicted for eval_example 8723018876147006956. Choosing first.
06/03/2022 19:03:55 - WARNING - root - No passage predicted for eval_example 5152331594835848287. Choosing first.
06/03/2022 19:03:56 - WARNING - root - No predictions for eval_example -4271215793802172174
06/03/2022 19:03:56 - WARNING - root - No passage predicted for eval_example 2930002936135767135. Choosing first.
06/03/2022 19:03:57 - WARNING - root - No passage predicted for eval_example -3062675897185431636. Choosing first.
06/03/2022 19:03:58 - WARNING - root - No passage predicted for eval_example 9206525438061088502. Choosing first.
06/03/2022 19:03:58 - INFO - tydi_canine.postproc - >>> Step 1000/18670
06/03/2022 19:03:59 - WARNING - root - No predictions for eval_example -3489073185088525257
06/03/2022 19:04:00 - WARNING - root - No passage predicted for eval_example -43893854715153519. Choosing first.
06/03/2022 19:04:00 - WARNING - root - No passage predicted for eval_example -6484544215203789164. Choosing first.
06/03/2022 19:04:07 - WARNING - root - No passage predicted for eval_example 3541081022049335864. Choosing first.
06/03/2022 19:04:07 - WARNING - root - No passage predicted for eval_example -9052610336489616530. Choosing first.
06/03/2022 19:04:08 - WARNING - root - No passage predicted for eval_example 1202162757574636675. Choosing first.
06/03/2022 19:04:08 - WARNING - root - No passage predicted for eval_example 19755529361638512. Choosing first.
06/03/2022 19:04:10 - INFO - tydi_canine.postproc - >>> Step 2000/18670
06/03/2022 19:04:14 - WARNING - root - No passage predicted for eval_example -7321142043895821331. Choosing first.
06/03/2022 19:04:14 - WARNING - root - No passage predicted for eval_example 4919974693441575665. Choosing first.
06/03/2022 19:04:19 - WARNING - root - No passage predicted for eval_example 650872944815684984. Choosing first.
06/03/2022 19:04:20 - INFO - tydi_canine.postproc - >>> Step 3000/18670
06/03/2022 19:04:22 - WARNING - root - No passage predicted for eval_example 8816490219927885295. Choosing first.
06/03/2022 19:04:24 - WARNING - root - No passage predicted for eval_example 2696910835457956192. Choosing first.
06/03/2022 19:04:26 - WARNING - root - No passage predicted for eval_example 4947800081777646210. Choosing first.
06/03/2022 19:04:28 - WARNING - root - No passage predicted for eval_example 7478506855386589098. Choosing first.
06/03/2022 19:04:28 - WARNING - root - No passage predicted for eval_example -1579250984781414326. Choosing first.
06/03/2022 19:04:28 - WARNING - root - No passage predicted for eval_example 5964889685116234539. Choosing first.
06/03/2022 19:04:30 - WARNING - root - No passage predicted for eval_example 4981809720240234897. Choosing first.
06/03/2022 19:04:30 - WARNING - root - No predictions for eval_example 3925896374243553617
06/03/2022 19:04:30 - WARNING - root - No passage predicted for eval_example 1882317468421947809. Choosing first.
06/03/2022 19:04:32 - INFO - tydi_canine.postproc - >>> Step 4000/18670
06/03/2022 19:04:33 - WARNING - root - No passage predicted for eval_example 3784350474254590054. Choosing first.
06/03/2022 19:04:34 - WARNING - root - No passage predicted for eval_example -8494813445590684993. Choosing first.
06/03/2022 19:04:40 - WARNING - root - No passage predicted for eval_example 8418185707856530764. Choosing first.
06/03/2022 19:04:42 - INFO - tydi_canine.postproc - >>> Step 5000/18670
06/03/2022 19:04:43 - WARNING - root - No predictions for eval_example -6615280656492729722
06/03/2022 19:04:44 - WARNING - root - No passage predicted for eval_example -4982999844828505524. Choosing first.
06/03/2022 19:04:44 - WARNING - root - No predictions for eval_example 8265388273654828564
06/03/2022 19:04:44 - WARNING - root - No passage predicted for eval_example -4407462892730883110. Choosing first.
06/03/2022 19:04:47 - WARNING - root - No passage predicted for eval_example 4007873358783393537. Choosing first.
06/03/2022 19:04:47 - WARNING - root - No passage predicted for eval_example 426889782450134715. Choosing first.
06/03/2022 19:04:48 - WARNING - root - No passage predicted for eval_example 1724080149051946264. Choosing first.
06/03/2022 19:04:48 - WARNING - root - No passage predicted for eval_example 9189866506595354888. Choosing first.
06/03/2022 19:04:51 - WARNING - root - No passage predicted for eval_example 9204158676040523517. Choosing first.
06/03/2022 19:04:52 - INFO - tydi_canine.postproc - >>> Step 6000/18670
06/03/2022 19:04:52 - WARNING - root - No passage predicted for eval_example 7410180025129021252. Choosing first.
06/03/2022 19:04:58 - WARNING - root - No passage predicted for eval_example 6613480376508560639. Choosing first.
06/03/2022 19:04:58 - WARNING - root - No predictions for eval_example 6373078339589919319
06/03/2022 19:04:58 - WARNING - root - No passage predicted for eval_example 5385281658772473544. Choosing first.
06/03/2022 19:05:00 - WARNING - root - No passage predicted for eval_example 7170139405457097820. Choosing first.
06/03/2022 19:05:00 - WARNING - root - No passage predicted for eval_example 3163723680533481475. Choosing first.
06/03/2022 19:05:00 - WARNING - root - No passage predicted for eval_example -1045463553694276124. Choosing first.
06/03/2022 19:05:00 - WARNING - root - No passage predicted for eval_example -3457150087725589412. Choosing first.
06/03/2022 19:05:00 - WARNING - root - No passage predicted for eval_example 4695559324677861932. Choosing first.
06/03/2022 19:05:00 - WARNING - root - No passage predicted for eval_example -7075936188086606758. Choosing first.
06/03/2022 19:05:01 - WARNING - root - No passage predicted for eval_example -1898835192736629862. Choosing first.
06/03/2022 19:05:02 - WARNING - root - No passage predicted for eval_example 6610201684546286526. Choosing first.
06/03/2022 19:05:02 - INFO - tydi_canine.postproc - >>> Step 7000/18670
06/03/2022 19:05:06 - WARNING - root - No passage predicted for eval_example -3091912794704035133. Choosing first.
06/03/2022 19:05:08 - WARNING - root - No passage predicted for eval_example 4335570713873811228. Choosing first.
06/03/2022 19:05:12 - WARNING - root - No predictions for eval_example 5902650000795019979
06/03/2022 19:05:14 - INFO - tydi_canine.postproc - >>> Step 8000/18670
06/03/2022 19:05:15 - WARNING - root - No passage predicted for eval_example -7897120774938740860. Choosing first.
06/03/2022 19:05:15 - WARNING - root - No passage predicted for eval_example 5197845399414226143. Choosing first.
06/03/2022 19:05:15 - WARNING - root - No passage predicted for eval_example 9136170697138234728. Choosing first.
06/03/2022 19:05:16 - WARNING - root - No passage predicted for eval_example -2576807720100510265. Choosing first.
06/03/2022 19:05:19 - WARNING - root - No passage predicted for eval_example 6539418811385713269. Choosing first.
06/03/2022 19:05:20 - WARNING - root - No passage predicted for eval_example 8510821899871544130. Choosing first.
06/03/2022 19:05:20 - WARNING - root - No passage predicted for eval_example 7344197791733376118. Choosing first.
06/03/2022 19:05:21 - WARNING - root - No passage predicted for eval_example 5874328273678800332. Choosing first.
06/03/2022 19:05:21 - WARNING - root - No passage predicted for eval_example -1313980802634072801. Choosing first.
06/03/2022 19:05:21 - WARNING - root - No passage predicted for eval_example -1470420154498578627. Choosing first.
06/03/2022 19:05:23 - WARNING - root - No predictions for eval_example 6858612886770817037
06/03/2022 19:05:24 - WARNING - root - No passage predicted for eval_example -6874456363983404568. Choosing first.
06/03/2022 19:05:24 - INFO - tydi_canine.postproc - >>> Step 9000/18670
06/03/2022 19:05:26 - WARNING - root - No passage predicted for eval_example 6344907529503449580. Choosing first.
06/03/2022 19:05:26 - WARNING - root - No passage predicted for eval_example 8532898079238301069. Choosing first.
06/03/2022 19:05:30 - WARNING - root - No passage predicted for eval_example 5124559260406247754. Choosing first.
06/03/2022 19:05:32 - WARNING - root - No passage predicted for eval_example 5321138079585516434. Choosing first.
06/03/2022 19:05:32 - WARNING - root - No passage predicted for eval_example -7461931697155385758. Choosing first.
06/03/2022 19:05:33 - WARNING - root - No passage predicted for eval_example 229624203255250861. Choosing first.
06/03/2022 19:05:34 - INFO - tydi_canine.postproc - >>> Step 10000/18670
06/03/2022 19:05:36 - WARNING - root - No passage predicted for eval_example 2643671990136430808. Choosing first.
06/03/2022 19:05:36 - WARNING - root - No predictions for eval_example -8015722164599429498
06/03/2022 19:05:43 - WARNING - root - No passage predicted for eval_example -2998167362928899386. Choosing first.
06/03/2022 19:05:43 - INFO - tydi_canine.postproc - >>> Step 11000/18670
06/03/2022 19:05:43 - WARNING - root - No passage predicted for eval_example 7521586710465674036. Choosing first.
06/03/2022 19:05:45 - WARNING - root - No passage predicted for eval_example -6627967013533038241. Choosing first.
06/03/2022 19:05:47 - WARNING - root - No predictions for eval_example -803760114863080454
06/03/2022 19:05:47 - WARNING - root - No predictions for eval_example -781494110959968713
06/03/2022 19:05:50 - WARNING - root - No passage predicted for eval_example 4004754312020997799. Choosing first.
06/03/2022 19:05:51 - WARNING - root - No passage predicted for eval_example -3192359219533868023. Choosing first.
06/03/2022 19:05:52 - WARNING - root - No passage predicted for eval_example -4319701917522708268. Choosing first.
06/03/2022 19:05:54 - INFO - tydi_canine.postproc - >>> Step 12000/18670
06/03/2022 19:05:54 - WARNING - root - No passage predicted for eval_example -7299728026255032431. Choosing first.
06/03/2022 19:05:54 - WARNING - root - No passage predicted for eval_example -9211195790997822834. Choosing first.
06/03/2022 19:05:55 - WARNING - root - No passage predicted for eval_example -4242008733573668812. Choosing first.
06/03/2022 19:05:57 - WARNING - root - No passage predicted for eval_example 6330571603683603287. Choosing first.
06/03/2022 19:06:00 - WARNING - root - No passage predicted for eval_example 3807368056316560072. Choosing first.
06/03/2022 19:06:03 - WARNING - root - No passage predicted for eval_example 8617923966974566896. Choosing first.
06/03/2022 19:06:04 - INFO - tydi_canine.postproc - >>> Step 13000/18670
06/03/2022 19:06:05 - WARNING - root - No passage predicted for eval_example -5269545664347125369. Choosing first.
06/03/2022 19:06:07 - WARNING - root - No passage predicted for eval_example -6186968893709157634. Choosing first.
06/03/2022 19:06:08 - WARNING - root - No predictions for eval_example -7699728260210150066
06/03/2022 19:06:09 - WARNING - root - No passage predicted for eval_example -5826268065395354624. Choosing first.
06/03/2022 19:06:12 - WARNING - root - No passage predicted for eval_example -6590905143244749014. Choosing first.
06/03/2022 19:06:12 - WARNING - root - No predictions for eval_example -4655746892808877833
06/03/2022 19:06:14 - WARNING - root - No passage predicted for eval_example 3655266338260984902. Choosing first.
06/03/2022 19:06:15 - INFO - tydi_canine.postproc - >>> Step 14000/18670
06/03/2022 19:06:20 - WARNING - root - No passage predicted for eval_example 9087970578427820590. Choosing first.
06/03/2022 19:06:20 - WARNING - root - No passage predicted for eval_example 8924738048553721599. Choosing first.
06/03/2022 19:06:22 - WARNING - root - No passage predicted for eval_example -8693832636970988525. Choosing first.
06/03/2022 19:06:24 - WARNING - root - No passage predicted for eval_example -2736322829711278170. Choosing first.
06/03/2022 19:06:25 - WARNING - root - No passage predicted for eval_example -4529538690127327343. Choosing first.
06/03/2022 19:06:25 - INFO - tydi_canine.postproc - >>> Step 15000/18670
06/03/2022 19:06:29 - WARNING - root - No passage predicted for eval_example 8903818096314756161. Choosing first.
06/03/2022 19:06:29 - WARNING - root - No passage predicted for eval_example -3677695140257325631. Choosing first.
06/03/2022 19:06:33 - WARNING - root - No passage predicted for eval_example 7273056423248358794. Choosing first.
06/03/2022 19:06:33 - WARNING - root - No passage predicted for eval_example 9082846768628506967. Choosing first.
06/03/2022 19:06:35 - INFO - tydi_canine.postproc - >>> Step 16000/18670
06/03/2022 19:06:36 - WARNING - root - No passage predicted for eval_example -5031548065419164319. Choosing first.
06/03/2022 19:06:36 - WARNING - root - No predictions for eval_example -1827348573793328684
06/03/2022 19:06:37 - WARNING - root - No passage predicted for eval_example 8771092624763674503. Choosing first.
06/03/2022 19:06:40 - WARNING - root - No passage predicted for eval_example -5167826574354410756. Choosing first.
06/03/2022 19:06:41 - WARNING - root - No passage predicted for eval_example 2595983157228829776. Choosing first.
06/03/2022 19:06:43 - WARNING - root - No passage predicted for eval_example -2666801916016950789. Choosing first.
06/03/2022 19:06:43 - WARNING - root - No passage predicted for eval_example 7692257231696946502. Choosing first.
06/03/2022 19:06:44 - WARNING - root - No passage predicted for eval_example -2155471387769272500. Choosing first.
06/03/2022 19:06:45 - INFO - tydi_canine.postproc - >>> Step 17000/18670
06/03/2022 19:06:45 - WARNING - root - No passage predicted for eval_example -6917926366144446956. Choosing first.
06/03/2022 19:06:46 - WARNING - root - No passage predicted for eval_example -4035414784019829682. Choosing first.
06/03/2022 19:06:48 - WARNING - root - No passage predicted for eval_example -2454546397308378081. Choosing first.
06/03/2022 19:06:49 - WARNING - root - No passage predicted for eval_example 2716740346120996653. Choosing first.
06/03/2022 19:06:50 - WARNING - root - No predictions for eval_example -5958645905774695313
06/03/2022 19:06:51 - WARNING - root - No passage predicted for eval_example -7901608523969572522. Choosing first.
06/03/2022 19:06:54 - WARNING - root - No passage predicted for eval_example -7458750610646291643. Choosing first.
06/03/2022 19:06:55 - WARNING - root - No passage predicted for eval_example -5124603745445293647. Choosing first.
06/03/2022 19:06:55 - INFO - tydi_canine.postproc - >>> Step 18000/18670
06/03/2022 19:06:56 - WARNING - root - No passage predicted for eval_example -7476438999577597264. Choosing first.
06/03/2022 19:06:59 - WARNING - root - No passage predicted for eval_example -108770036113665960. Choosing first.
06/03/2022 19:07:02 - INFO - root -   Num post-processed results: 18654
06/03/2022 19:07:02 - INFO - tydi_canine.run_tydi_lib - Prediction finished for all shards.
06/03/2022 19:07:02 - INFO - tydi_canine.run_tydi_lib -   Total output predictions: 18654
