06/06/2022 19:04:08 - INFO - tydi_canine.run_tydi_lib - **********  Configuration Arguments **********
06/06/2022 19:04:08 - INFO - tydi_canine.run_tydi_lib - candidate_beam: None
06/06/2022 19:04:08 - INFO - tydi_canine.run_tydi_lib - checkout_steps: 4000
06/06/2022 19:04:08 - INFO - tydi_canine.run_tydi_lib - dev_split_ratio: 0.002
06/06/2022 19:04:08 - INFO - tydi_canine.run_tydi_lib - do_file_construct: False
06/06/2022 19:04:08 - INFO - tydi_canine.run_tydi_lib - do_predict: False
06/06/2022 19:04:08 - INFO - tydi_canine.run_tydi_lib - do_train: True
06/06/2022 19:04:08 - INFO - tydi_canine.run_tydi_lib - fp16: True
06/06/2022 19:04:08 - INFO - tydi_canine.run_tydi_lib - gradient_accumulation_steps: 9
06/06/2022 19:04:08 - INFO - tydi_canine.run_tydi_lib - learning_rate: 5e-05
06/06/2022 19:04:08 - INFO - tydi_canine.run_tydi_lib - logging_steps: 300
06/06/2022 19:04:08 - INFO - tydi_canine.run_tydi_lib - max_answer_length: None
06/06/2022 19:04:08 - INFO - tydi_canine.run_tydi_lib - max_position: None
06/06/2022 19:04:08 - INFO - tydi_canine.run_tydi_lib - max_seq_length: 2048
06/06/2022 19:04:08 - INFO - tydi_canine.run_tydi_lib - max_to_predict: None
06/06/2022 19:04:08 - INFO - tydi_canine.run_tydi_lib - num_train_epochs: 4
06/06/2022 19:04:08 - INFO - tydi_canine.run_tydi_lib - output_dir: data/tydiqa_baseline_model/train
06/06/2022 19:04:08 - INFO - tydi_canine.run_tydi_lib - output_prediction_file: None
06/06/2022 19:04:08 - INFO - tydi_canine.run_tydi_lib - precomputed_predict_file: None
06/06/2022 19:04:08 - INFO - tydi_canine.run_tydi_lib - predict_batch_size: None
06/06/2022 19:04:08 - INFO - tydi_canine.run_tydi_lib - predict_file: None
06/06/2022 19:04:08 - INFO - tydi_canine.run_tydi_lib - scale_loss: 4096.0
06/06/2022 19:04:08 - INFO - tydi_canine.run_tydi_lib - seed: 5123
06/06/2022 19:04:08 - INFO - tydi_canine.run_tydi_lib - state_dict_path: None
06/06/2022 19:04:08 - INFO - tydi_canine.run_tydi_lib - train_batch_size: 14
06/06/2022 19:04:08 - INFO - tydi_canine.run_tydi_lib - train_input_dir: data/tydi/train.h5df
06/06/2022 19:04:08 - INFO - tydi_canine.run_tydi_lib - warmup_proportion: 0.1
06/06/2022 19:04:08 - INFO - tydi_canine.run_tydi_lib - **************************************************
06/06/2022 19:04:17 - INFO - tydi_canine.run_tydi_lib - >>> num_training_samples: 459627
06/06/2022 19:04:17 - INFO - tydi_canine.run_tydi_lib - >>> num_dev_samples: 921
06/06/2022 19:04:17 - INFO - tydi_canine.run_tydi_lib - >>> theory batch size (batch * gradient step * n_gpus): 504
06/06/2022 19:04:17 - INFO - tydi_canine.run_tydi_lib - >>> num_train_steps for each GPU: 3648
06/06/2022 19:04:17 - INFO - tydi_canine.run_tydi_lib - >>> start training...
06/06/2022 22:51:53 - INFO - tydi_canine.run_tydi_lib - training done, total steps trained: 3648
1.0055 acc 53.90% diff 602.60 time 18.78min
06/06/2022 19:41:36 - INFO - tydi_canine.run_tydi_lib - Step 600/3648 train loss 1.4613 dev loss 0.8637 acc 60.30% diff 526.68 time 18.53min
06/06/2022 20:00:20 - INFO - tydi_canine.run_tydi_lib - Step 900/3648 train loss 1.2236 dev loss 0.7938 acc 64.40% diff 500.54 time 18.74min
06/06/2022 20:19:05 - INFO - tydi_canine.run_tydi_lib - Step 1200/3648 train loss 1.0885 dev loss 0.7445 acc 67.56% diff 470.17 time 18.75min
06/06/2022 20:37:50 - INFO - tydi_canine.run_tydi_lib - Step 1500/3648 train loss 0.9919 dev loss 0.7143 acc 69.30% diff 451.78 time 18.75min
06/06/2022 20:56:35 - INFO - tydi_canine.run_tydi_lib - Step 1800/3648 train loss 0.9200 dev loss 0.6904 acc 70.44% diff 434.96 time 18.75min
06/06/2022 21:15:20 - INFO - tydi_canine.run_tydi_lib - Step 2100/3648 train loss 0.8656 dev loss 0.6759 acc 71.59% diff 419.67 time 18.76min
06/06/2022 21:34:04 - INFO - tydi_canine.run_tydi_lib - Step 2400/3648 train loss 0.8187 dev loss 0.6611 acc 72.86% diff 404.91 time 18.73min
06/06/2022 21:52:48 - INFO - tydi_canine.run_tydi_lib - Step 2700/3648 train loss 0.7784 dev loss 0.6537 acc 73.44% diff 399.34 time 18.73min
06/06/2022 22:11:35 - INFO - tydi_canine.run_tydi_lib - Step 3000/3648 train loss 0.7453 dev loss 0.6443 acc 74.39% diff 389.17 time 18.79min
06/06/2022 22:30:17 - INFO - tydi_canine.run_tydi_lib - Step 3300/3648 train loss 0.7146 dev loss 0.6390 acc 74.66% diff 382.73 time 18.70min
06/06/2022 22:48:52 - INFO - tydi_canine.run_tydi_lib - Step 3600/3648 train loss 0.6874 dev loss 0.6357 acc 74.96% diff 376.61 time 18.59min
06/06/2022 22:51:52 - INFO - tydi_canine.run_tydi_lib - Step 3648/3648 train loss 0.6392 dev loss 0.6329 acc 75.22% diff 371.86 time 3.00min
06/06/2022 22:51:53 - INFO - tydi_canine.run_tydi_lib - training done, total steps trained: 3648
