06/03/2022 21:01:39 - INFO - tydi_canine.run_tydi_lib - **********  Configuration Arguments **********
06/03/2022 21:01:39 - INFO - tydi_canine.run_tydi_lib - candidate_beam: None
06/03/2022 21:01:39 - INFO - tydi_canine.run_tydi_lib - checkout_steps: 9000
06/03/2022 21:01:39 - INFO - tydi_canine.run_tydi_lib - dev_split_ratio: 0.002
06/03/2022 21:01:39 - INFO - tydi_canine.run_tydi_lib - do_file_construct: False
06/03/2022 21:01:39 - INFO - tydi_canine.run_tydi_lib - do_predict: False
06/03/2022 21:01:39 - INFO - tydi_canine.run_tydi_lib - do_train: True
06/03/2022 21:01:39 - INFO - tydi_canine.run_tydi_lib - fp16: True
06/03/2022 21:01:39 - INFO - tydi_canine.run_tydi_lib - gradient_accumulation_steps: 1
06/03/2022 21:01:39 - INFO - tydi_canine.run_tydi_lib - learning_rate: 5e-05
06/03/2022 21:01:39 - INFO - tydi_canine.run_tydi_lib - logging_steps: 1000
06/03/2022 21:01:39 - INFO - tydi_canine.run_tydi_lib - max_answer_length: None
06/03/2022 21:01:39 - INFO - tydi_canine.run_tydi_lib - max_position: None
06/03/2022 21:01:39 - INFO - tydi_canine.run_tydi_lib - max_seq_length: 2048
06/03/2022 21:01:39 - INFO - tydi_canine.run_tydi_lib - max_to_predict: None
06/03/2022 21:01:39 - INFO - tydi_canine.run_tydi_lib - num_train_epochs: 3
06/03/2022 21:01:39 - INFO - tydi_canine.run_tydi_lib - output_dir: data/tydiqa_baseline_model/train
06/03/2022 21:01:39 - INFO - tydi_canine.run_tydi_lib - output_prediction_file: None
06/03/2022 21:01:39 - INFO - tydi_canine.run_tydi_lib - precomputed_predict_file: None
06/03/2022 21:01:39 - INFO - tydi_canine.run_tydi_lib - predict_batch_size: None
06/03/2022 21:01:39 - INFO - tydi_canine.run_tydi_lib - predict_file: None
06/03/2022 21:01:39 - INFO - tydi_canine.run_tydi_lib - scale_loss: 4096.0
06/03/2022 21:01:39 - INFO - tydi_canine.run_tydi_lib - seed: 2020
06/03/2022 21:01:39 - INFO - tydi_canine.run_tydi_lib - state_dict_path: None
06/03/2022 21:01:39 - INFO - tydi_canine.run_tydi_lib - train_batch_size: 16
06/03/2022 21:01:39 - INFO - tydi_canine.run_tydi_lib - train_input_dir: data/tydi/train.h5df
06/03/2022 21:01:39 - INFO - tydi_canine.run_tydi_lib - warmup_proportion: 0.01
06/03/2022 21:01:39 - INFO - tydi_canine.run_tydi_lib - **************************************************
06/03/2022 21:01:48 - INFO - tydi_canine.run_tydi_lib - >>> num_training_samples: 459627
06/03/2022 21:01:49 - INFO - tydi_canine.run_tydi_lib - >>> num_dev_samples: 921
06/03/2022 21:01:49 - INFO - tydi_canine.run_tydi_lib - >>> theory batch size (batch * gradient step * n_gpus): 64
06/03/2022 21:01:49 - INFO - tydi_canine.run_tydi_lib - >>> num_train_steps for each GPU: 21546
06/03/2022 21:01:49 - INFO - tydi_canine.run_tydi_lib - >>> start training...
06/03/2022 23:33:18 - INFO - tydi_canine.run_tydi_lib - training done, total steps trained: 21546
 0.8440 acc 61.11% diff 603.25 time 6.98min
06/03/2022 21:15:47 - INFO - tydi_canine.run_tydi_lib - Step 2000/21546 train loss 1.1153 dev loss 0.7851 acc 66.70% diff 568.99 time 6.99min
06/03/2022 21:22:45 - INFO - tydi_canine.run_tydi_lib - Step 3000/21546 train loss 0.9990 dev loss 0.7405 acc 69.45% diff 532.01 time 6.97min
06/03/2022 21:29:45 - INFO - tydi_canine.run_tydi_lib - Step 4000/21546 train loss 0.9339 dev loss 0.7196 acc 72.05% diff 502.88 time 7.01min
06/03/2022 21:36:53 - INFO - tydi_canine.run_tydi_lib - Step 5000/21546 train loss 0.8853 dev loss 0.7011 acc 71.14% diff 488.09 time 7.13min
06/03/2022 21:44:03 - INFO - tydi_canine.run_tydi_lib - Step 6000/21546 train loss 0.8503 dev loss 0.6808 acc 71.75% diff 479.15 time 7.17min
06/03/2022 21:51:15 - INFO - tydi_canine.run_tydi_lib - Step 7000/21546 train loss 0.8219 dev loss 0.6671 acc 72.11% diff 468.51 time 7.19min
06/03/2022 21:58:22 - INFO - tydi_canine.run_tydi_lib - Step 8000/21546 train loss 0.7958 dev loss 0.6522 acc 72.96% diff 454.42 time 7.12min
06/03/2022 22:05:25 - INFO - tydi_canine.run_tydi_lib - Step 9000/21546 train loss 0.7703 dev loss 0.6423 acc 73.30% diff 443.55 time 7.06min
06/03/2022 22:12:26 - INFO - tydi_canine.run_tydi_lib - Step 10000/21546 train loss 0.7451 dev loss 0.6373 acc 73.52% diff 438.36 time 7.01min
06/03/2022 22:19:26 - INFO - tydi_canine.run_tydi_lib - Step 11000/21546 train loss 0.7240 dev loss 0.6286 acc 73.96% diff 431.09 time 7.00min
06/03/2022 22:26:25 - INFO - tydi_canine.run_tydi_lib - Step 12000/21546 train loss 0.7038 dev loss 0.6236 acc 74.24% diff 423.68 time 6.99min
06/03/2022 22:33:26 - INFO - tydi_canine.run_tydi_lib - Step 13000/21546 train loss 0.6862 dev loss 0.6162 acc 74.82% diff 415.99 time 7.01min
06/03/2022 22:40:26 - INFO - tydi_canine.run_tydi_lib - Step 14000/21546 train loss 0.6696 dev loss 0.6096 acc 75.03% diff 410.30 time 7.00min
06/03/2022 22:47:27 - INFO - tydi_canine.run_tydi_lib - Step 15000/21546 train loss 0.6537 dev loss 0.6053 acc 75.32% diff 403.43 time 7.02min
06/03/2022 22:54:27 - INFO - tydi_canine.run_tydi_lib - Step 16000/21546 train loss 0.6375 dev loss 0.6030 acc 75.43% diff 398.31 time 6.99min
06/03/2022 23:01:26 - INFO - tydi_canine.run_tydi_lib - Step 17000/21546 train loss 0.6211 dev loss 0.6015 acc 75.59% diff 393.05 time 6.99min
06/03/2022 23:08:27 - INFO - tydi_canine.run_tydi_lib - Step 18000/21546 train loss 0.6058 dev loss 0.6004 acc 75.65% diff 389.00 time 7.02min
06/03/2022 23:15:28 - INFO - tydi_canine.run_tydi_lib - Step 19000/21546 train loss 0.5914 dev loss 0.6002 acc 75.62% diff 386.95 time 7.02min
06/03/2022 23:22:28 - INFO - tydi_canine.run_tydi_lib - Step 20000/21546 train loss 0.5780 dev loss 0.5983 acc 75.73% diff 384.74 time 6.99min
06/03/2022 23:29:27 - INFO - tydi_canine.run_tydi_lib - Step 21000/21546 train loss 0.5656 dev loss 0.5983 acc 75.81% diff 382.05 time 6.99min
06/03/2022 23:33:18 - INFO - tydi_canine.run_tydi_lib - Step 21546/21546 train loss 0.5479 dev loss 0.5979 acc 75.86% diff 379.49 time 3.85min
06/03/2022 23:33:18 - INFO - tydi_canine.run_tydi_lib - training done, total steps trained: 21546
