06/03/2022 23:33:40 - INFO - tydi_canine.run_tydi_lib - **********  Configuration Arguments **********
06/03/2022 23:33:40 - INFO - tydi_canine.run_tydi_lib - candidate_beam: 30
06/03/2022 23:33:40 - INFO - tydi_canine.run_tydi_lib - checkout_steps: None
06/03/2022 23:33:40 - INFO - tydi_canine.run_tydi_lib - dev_split_ratio: None
06/03/2022 23:33:40 - INFO - tydi_canine.run_tydi_lib - do_file_construct: False
06/03/2022 23:33:40 - INFO - tydi_canine.run_tydi_lib - do_predict: True
06/03/2022 23:33:40 - INFO - tydi_canine.run_tydi_lib - do_train: False
06/03/2022 23:33:40 - INFO - tydi_canine.run_tydi_lib - fp16: False
06/03/2022 23:33:40 - INFO - tydi_canine.run_tydi_lib - gradient_accumulation_steps: 1
06/03/2022 23:33:40 - INFO - tydi_canine.run_tydi_lib - learning_rate: None
06/03/2022 23:33:40 - INFO - tydi_canine.run_tydi_lib - logging_steps: 100
06/03/2022 23:33:40 - INFO - tydi_canine.run_tydi_lib - max_answer_length: 100
06/03/2022 23:33:40 - INFO - tydi_canine.run_tydi_lib - max_position: None
06/03/2022 23:33:40 - INFO - tydi_canine.run_tydi_lib - max_seq_length: 2048
06/03/2022 23:33:40 - INFO - tydi_canine.run_tydi_lib - max_to_predict: None
06/03/2022 23:33:40 - INFO - tydi_canine.run_tydi_lib - num_train_epochs: None
06/03/2022 23:33:40 - INFO - tydi_canine.run_tydi_lib - output_dir: data/tydiqa_baseline_model/predict
06/03/2022 23:33:40 - INFO - tydi_canine.run_tydi_lib - output_prediction_file: data/tydiqa_baseline_model/predict/pred.jsonl
06/03/2022 23:33:40 - INFO - tydi_canine.run_tydi_lib - precomputed_predict_file: data/tydi/dev.h5df
06/03/2022 23:33:40 - INFO - tydi_canine.run_tydi_lib - predict_batch_size: 32
06/03/2022 23:33:40 - INFO - tydi_canine.run_tydi_lib - predict_file: data/tydi/tydiqa-v1.0-dev.jsonl.gz
06/03/2022 23:33:40 - INFO - tydi_canine.run_tydi_lib - scale_loss: 32768
06/03/2022 23:33:40 - INFO - tydi_canine.run_tydi_lib - seed: 2020
06/03/2022 23:33:40 - INFO - tydi_canine.run_tydi_lib - state_dict_path: data/tydiqa_baseline_model/train
06/03/2022 23:33:40 - INFO - tydi_canine.run_tydi_lib - train_batch_size: None
06/03/2022 23:33:40 - INFO - tydi_canine.run_tydi_lib - train_input_dir: None
06/03/2022 23:33:40 - INFO - tydi_canine.run_tydi_lib - warmup_proportion: None
06/03/2022 23:33:40 - INFO - tydi_canine.run_tydi_lib - **************************************************
06/03/2022 23:33:48 - INFO - tydi_canine.run_tydi_lib - >>> Number of prediction samples: 336499
06/03/2022 23:33:50 - INFO - tydi_canine.run_tydi_lib - 
>>>>>> loading weight from data/tydiqa_baseline_model/train/tydi_seed_2020.pdparams
06/03/2022 23:33:53 - INFO - tydi_canine.run_tydi_lib - step 0/2629 time 0.02min
06/03/2022 23:34:59 - INFO - tydi_canine.run_tydi_lib - step 100/2629 time 1.10min
06/03/2022 23:36:05 - INFO - tydi_canine.run_tydi_lib - step 200/2629 time 1.11min
06/03/2022 23:37:12 - INFO - tydi_canine.run_tydi_lib - step 300/2629 time 1.10min
06/03/2022 23:38:18 - INFO - tydi_canine.run_tydi_lib - step 400/2629 time 1.11min
06/03/2022 23:39:24 - INFO - tydi_canine.run_tydi_lib - step 500/2629 time 1.11min
06/03/2022 23:40:31 - INFO - tydi_canine.run_tydi_lib - step 600/2629 time 1.11min
06/03/2022 23:41:37 - INFO - tydi_canine.run_tydi_lib - step 700/2629 time 1.11min
06/03/2022 23:42:43 - INFO - tydi_canine.run_tydi_lib - step 800/2629 time 1.11min
06/03/2022 23:43:50 - INFO - tydi_canine.run_tydi_lib - step 900/2629 time 1.11min
06/03/2022 23:44:56 - INFO - tydi_canine.run_tydi_lib - step 1000/2629 time 1.11min
06/03/2022 23:46:02 - INFO - tydi_canine.run_tydi_lib - step 1100/2629 time 1.11min
06/03/2022 23:47:09 - INFO - tydi_canine.run_tydi_lib - step 1200/2629 time 1.10min
06/03/2022 23:48:15 - INFO - tydi_canine.run_tydi_lib - step 1300/2629 time 1.10min
06/03/2022 23:49:21 - INFO - tydi_canine.run_tydi_lib - step 1400/2629 time 1.10min
06/03/2022 23:50:27 - INFO - tydi_canine.run_tydi_lib - step 1500/2629 time 1.10min
06/03/2022 23:51:33 - INFO - tydi_canine.run_tydi_lib - step 1600/2629 time 1.10min
06/03/2022 23:52:39 - INFO - tydi_canine.run_tydi_lib - step 1700/2629 time 1.10min
06/03/2022 23:53:45 - INFO - tydi_canine.run_tydi_lib - step 1800/2629 time 1.10min
06/03/2022 23:54:51 - INFO - tydi_canine.run_tydi_lib - step 1900/2629 time 1.10min
06/03/2022 23:55:58 - INFO - tydi_canine.run_tydi_lib - step 2000/2629 time 1.10min
06/03/2022 23:57:04 - INFO - tydi_canine.run_tydi_lib - step 2100/2629 time 1.10min
06/03/2022 23:58:10 - INFO - tydi_canine.run_tydi_lib - step 2200/2629 time 1.10min
06/03/2022 23:59:16 - INFO - tydi_canine.run_tydi_lib - step 2300/2629 time 1.10min
06/04/2022 00:00:22 - INFO - tydi_canine.run_tydi_lib - step 2400/2629 time 1.10min
06/04/2022 00:01:28 - INFO - tydi_canine.run_tydi_lib - step 2500/2629 time 1.10min
06/04/2022 00:02:34 - INFO - tydi_canine.run_tydi_lib - step 2600/2629 time 1.10min
06/04/2022 00:03:46 - INFO - tydi_canine.run_tydi_lib - >>> start generating TyqiQA task evaluation file
06/04/2022 00:03:50 - INFO - tydi_canine.run_tydi_lib - >>> Loaded predicted logits from ['data/tydiqa_baseline_model/predict/results_gpu_3.pickle', 'data/tydiqa_baseline_model/predict/results_gpu_2.pickle', 'data/tydiqa_baseline_model/predict/results_gpu_1.pickle', 'data/tydiqa_baseline_model/predict/results_gpu_0.pickle']
06/04/2022 00:03:50 - INFO - tydi_canine.run_tydi_lib - >>> start processing predicted logits
06/04/2022 00:03:52 - INFO - tydi_canine.run_tydi_lib - Reading: data/tydi/tydiqa-v1.0-dev.jsonl.gz
06/04/2022 00:03:59 - INFO - tydi_canine.run_tydi_lib - loading precomputed evaluation meta data....
06/04/2022 00:07:36 - INFO - tydi_canine.run_tydi_lib -   Num candidate examples loaded (includes all shards): 18670
06/04/2022 00:07:36 - INFO - tydi_canine.run_tydi_lib -   Num candidate features loaded: 336499
06/04/2022 00:07:36 - INFO - tydi_canine.run_tydi_lib -   Num prediction result features: 336500
06/04/2022 00:07:37 - INFO - tydi_canine.postproc - Post-processing predictions started.
06/04/2022 00:07:40 - INFO - tydi_canine.postproc - Start Combining results and articles....
06/04/2022 00:14:24 - INFO - tydi_canine.postproc -   Num candidate examples found: 18670
06/04/2022 00:14:24 - INFO - tydi_canine.postproc -   Num candidate features found: 336499
06/04/2022 00:14:24 - INFO - tydi_canine.postproc -   Num results found: 336500
06/04/2022 00:14:24 - INFO - tydi_canine.postproc -   len(merged): 691669
06/04/2022 00:14:24 - INFO - tydi_canine.postproc - >>> Collecting & formatting Article Answers......
06/04/2022 00:14:31 - WARNING - root - No passage predicted for eval_example 7957680129385585909. Choosing first.
06/04/2022 00:14:32 - WARNING - root - No predictions for eval_example 7216454742149172827
06/04/2022 00:14:32 - WARNING - root - No predictions for eval_example 4727844459166070742
06/04/2022 00:14:33 - WARNING - root - No passage predicted for eval_example 3655062422829892292. Choosing first.
06/04/2022 00:14:34 - WARNING - root - No predictions for eval_example -5055693481829946379
06/04/2022 00:14:36 - WARNING - root - No passage predicted for eval_example 3126743091492180618. Choosing first.
06/04/2022 00:14:37 - WARNING - root - No predictions for eval_example 396530001796224238
06/04/2022 00:14:38 - WARNING - root - No passage predicted for eval_example -1846288627333290574. Choosing first.
06/04/2022 00:14:39 - WARNING - root - No predictions for eval_example 1817369822521451536
06/04/2022 00:14:39 - WARNING - root - No predictions for eval_example -4271215793802172174
06/04/2022 00:14:39 - WARNING - root - No passage predicted for eval_example 4415861664110075239. Choosing first.
06/04/2022 00:14:39 - WARNING - root - No predictions for eval_example -3251427821491263599
06/04/2022 00:14:40 - WARNING - root - No predictions for eval_example -2453706520341000182
06/04/2022 00:14:41 - INFO - tydi_canine.postproc - >>> Step 1000/18670
06/04/2022 00:14:42 - WARNING - root - No passage predicted for eval_example 4293239806803273360. Choosing first.
06/04/2022 00:14:43 - WARNING - root - No passage predicted for eval_example 3007153605633700361. Choosing first.
06/04/2022 00:14:44 - WARNING - root - No passage predicted for eval_example 2893413865043070181. Choosing first.
06/04/2022 00:14:45 - WARNING - root - No passage predicted for eval_example -507994929512080100. Choosing first.
06/04/2022 00:14:47 - WARNING - root - No predictions for eval_example -9035604671256474543
06/04/2022 00:14:48 - WARNING - root - No passage predicted for eval_example -5010497085288775605. Choosing first.
06/04/2022 00:14:48 - WARNING - root - No passage predicted for eval_example 4925501951101315498. Choosing first.
06/04/2022 00:14:48 - WARNING - root - No predictions for eval_example 8030212296211473502
06/04/2022 00:14:49 - WARNING - root - No predictions for eval_example -652172214217146237
06/04/2022 00:14:49 - WARNING - root - No passage predicted for eval_example -4952617144017271667. Choosing first.
06/04/2022 00:14:50 - WARNING - root - No predictions for eval_example -887788218727920905
06/04/2022 00:14:51 - WARNING - root - No passage predicted for eval_example 1202162757574636675. Choosing first.
06/04/2022 00:14:51 - INFO - tydi_canine.postproc - >>> Step 2000/18670
06/04/2022 00:14:52 - WARNING - root - No passage predicted for eval_example -3727632410208936777. Choosing first.
06/04/2022 00:14:55 - WARNING - root - No passage predicted for eval_example 4919974693441575665. Choosing first.
06/04/2022 00:14:57 - WARNING - root - No passage predicted for eval_example 2000845951163434807. Choosing first.
06/04/2022 00:14:57 - WARNING - root - No passage predicted for eval_example -7398459920574245080. Choosing first.
06/04/2022 00:14:57 - WARNING - root - No predictions for eval_example -2454779737633388771
06/04/2022 00:15:00 - WARNING - root - No predictions for eval_example -1226807639427542477
06/04/2022 00:15:01 - INFO - tydi_canine.postproc - >>> Step 3000/18670
06/04/2022 00:15:02 - WARNING - root - No predictions for eval_example 237961806982027879
06/04/2022 00:15:07 - WARNING - root - No passage predicted for eval_example 7164675987302127608. Choosing first.
06/04/2022 00:15:08 - WARNING - root - No passage predicted for eval_example 7548965162456187320. Choosing first.
06/04/2022 00:15:08 - WARNING - root - No passage predicted for eval_example -5265714057410824781. Choosing first.
06/04/2022 00:15:10 - WARNING - root - No passage predicted for eval_example 7187406036630009733. Choosing first.
06/04/2022 00:15:10 - WARNING - root - No predictions for eval_example 3843729750068551852
06/04/2022 00:15:11 - WARNING - root - No predictions for eval_example 3925896374243553617
06/04/2022 00:15:12 - INFO - tydi_canine.postproc - >>> Step 4000/18670
06/04/2022 00:15:16 - WARNING - root - No predictions for eval_example 8933617946983512973
06/04/2022 00:15:18 - WARNING - root - No passage predicted for eval_example 4164384243137057298. Choosing first.
06/04/2022 00:15:19 - WARNING - root - No predictions for eval_example -5301386127110675757
06/04/2022 00:15:21 - WARNING - root - No passage predicted for eval_example 3092608921581193966. Choosing first.
06/04/2022 00:15:21 - WARNING - root - No passage predicted for eval_example -8918313906807190942. Choosing first.
06/04/2022 00:15:21 - WARNING - root - No predictions for eval_example 2348107303224875562
06/04/2022 00:15:22 - INFO - tydi_canine.postproc - >>> Step 5000/18670
06/04/2022 00:15:23 - WARNING - root - No predictions for eval_example -6615280656492729722
06/04/2022 00:15:23 - WARNING - root - No passage predicted for eval_example 6526635089529847990. Choosing first.
06/04/2022 00:15:24 - WARNING - root - No predictions for eval_example 8265388273654828564
06/04/2022 00:15:25 - WARNING - root - No predictions for eval_example 1537421467352381746
06/04/2022 00:15:26 - WARNING - root - No predictions for eval_example -4524843330972236201
06/04/2022 00:15:26 - WARNING - root - No passage predicted for eval_example 7903205196372685318. Choosing first.
06/04/2022 00:15:29 - WARNING - root - No predictions for eval_example -8657201107795685250
06/04/2022 00:15:30 - WARNING - root - No passage predicted for eval_example -7353612107489787081. Choosing first.
06/04/2022 00:15:30 - INFO - tydi_canine.postproc - >>> Step 6000/18670
06/04/2022 00:15:31 - WARNING - root - No predictions for eval_example 202626922663071907
06/04/2022 00:15:32 - WARNING - root - No predictions for eval_example 2195529509460374153
06/04/2022 00:15:34 - WARNING - root - No predictions for eval_example -1913107433608625298
06/04/2022 00:15:34 - WARNING - root - No predictions for eval_example 936881273146837593
06/04/2022 00:15:36 - WARNING - root - No passage predicted for eval_example 6613480376508560639. Choosing first.
06/04/2022 00:15:36 - WARNING - root - No passage predicted for eval_example -7422040183482411635. Choosing first.
06/04/2022 00:15:38 - WARNING - root - No predictions for eval_example 6373078339589919319
06/04/2022 00:15:39 - WARNING - root - No predictions for eval_example -6630931839127070381
06/04/2022 00:15:40 - WARNING - root - No predictions for eval_example -1961741723327876922
06/04/2022 00:15:40 - WARNING - root - No predictions for eval_example -7345822389533426791
06/04/2022 00:15:40 - WARNING - root - No predictions for eval_example 4159791776928172680
06/04/2022 00:15:40 - INFO - tydi_canine.postproc - >>> Step 7000/18670
06/04/2022 00:15:43 - WARNING - root - No predictions for eval_example -3529719736185761804
06/04/2022 00:15:46 - WARNING - root - No predictions for eval_example -6549569305598087162
06/04/2022 00:15:50 - WARNING - root - No predictions for eval_example 5902650000795019979
06/04/2022 00:15:51 - INFO - tydi_canine.postproc - >>> Step 8000/18670
06/04/2022 00:15:52 - WARNING - root - No predictions for eval_example -3431015597986444653
06/04/2022 00:15:52 - WARNING - root - No passage predicted for eval_example -3492322957554201287. Choosing first.
06/04/2022 00:15:53 - WARNING - root - No passage predicted for eval_example -6497254572310687914. Choosing first.
06/04/2022 00:15:53 - WARNING - root - No passage predicted for eval_example -7897120774938740860. Choosing first.
06/04/2022 00:15:57 - WARNING - root - No passage predicted for eval_example 8279408473552426178. Choosing first.
06/04/2022 00:15:57 - WARNING - root - No passage predicted for eval_example 5579383905816419957. Choosing first.
06/04/2022 00:15:58 - WARNING - root - No predictions for eval_example 3661337307664765885
06/04/2022 00:15:59 - WARNING - root - No predictions for eval_example 1425109645309717473
06/04/2022 00:15:59 - WARNING - root - No predictions for eval_example -5204078148747588110
06/04/2022 00:16:01 - WARNING - root - No predictions for eval_example 6858612886770817037
06/04/2022 00:16:01 - WARNING - root - No passage predicted for eval_example -6874456363983404568. Choosing first.
06/04/2022 00:16:01 - INFO - tydi_canine.postproc - >>> Step 9000/18670
06/04/2022 00:16:04 - WARNING - root - No passage predicted for eval_example 4715120328602086144. Choosing first.
06/04/2022 00:16:04 - WARNING - root - No predictions for eval_example -31964280347312957
06/04/2022 00:16:06 - WARNING - root - No passage predicted for eval_example 917370766487526881. Choosing first.
06/04/2022 00:16:08 - WARNING - root - No passage predicted for eval_example 8437553352894131360. Choosing first.
06/04/2022 00:16:09 - WARNING - root - No predictions for eval_example -6397488112403382620
06/04/2022 00:16:09 - WARNING - root - No passage predicted for eval_example -7461931697155385758. Choosing first.
06/04/2022 00:16:10 - WARNING - root - No predictions for eval_example 632566477277896300
06/04/2022 00:16:11 - INFO - tydi_canine.postproc - >>> Step 10000/18670
06/04/2022 00:16:11 - WARNING - root - No predictions for eval_example 2174383290402132664
06/04/2022 00:16:11 - WARNING - root - No passage predicted for eval_example -1030249988516977905. Choosing first.
06/04/2022 00:16:12 - WARNING - root - No predictions for eval_example -6448152530023563569
06/04/2022 00:16:12 - WARNING - root - No passage predicted for eval_example -5046639374869803455. Choosing first.
06/04/2022 00:16:13 - WARNING - root - No passage predicted for eval_example 2838018740578824356. Choosing first.
06/04/2022 00:16:13 - WARNING - root - No predictions for eval_example -8015722164599429498
06/04/2022 00:16:20 - WARNING - root - No passage predicted for eval_example 7521586710465674036. Choosing first.
06/04/2022 00:16:20 - INFO - tydi_canine.postproc - >>> Step 11000/18670
06/04/2022 00:16:20 - WARNING - root - No passage predicted for eval_example 4940781823500658868. Choosing first.
06/04/2022 00:16:21 - WARNING - root - No predictions for eval_example 4277840130872293697
06/04/2022 00:16:21 - WARNING - root - No predictions for eval_example 2919698208312723122
06/04/2022 00:16:21 - WARNING - root - No passage predicted for eval_example -4168960488443023156. Choosing first.
06/04/2022 00:16:22 - WARNING - root - No predictions for eval_example -803760114863080454
06/04/2022 00:16:24 - WARNING - root - No predictions for eval_example -781494110959968713
06/04/2022 00:16:25 - WARNING - root - No passage predicted for eval_example -2961813380913557435. Choosing first.
06/04/2022 00:16:27 - WARNING - root - No predictions for eval_example 7042341877356119518
06/04/2022 00:16:27 - WARNING - root - No predictions for eval_example 4034785500693323074
06/04/2022 00:16:30 - INFO - tydi_canine.postproc - >>> Step 12000/18670
06/04/2022 00:16:30 - WARNING - root - No passage predicted for eval_example -6579362358884965533. Choosing first.
06/04/2022 00:16:31 - WARNING - root - No passage predicted for eval_example -1644687532654575233. Choosing first.
06/04/2022 00:16:33 - WARNING - root - No predictions for eval_example -3475889604256224235
06/04/2022 00:16:33 - WARNING - root - No passage predicted for eval_example 4174869870722474620. Choosing first.
06/04/2022 00:16:33 - WARNING - root - No predictions for eval_example -7109862816436123410
06/04/2022 00:16:35 - WARNING - root - No predictions for eval_example -6906683452813388378
06/04/2022 00:16:35 - WARNING - root - No predictions for eval_example -1309883102367741612
06/04/2022 00:16:36 - WARNING - root - No predictions for eval_example 7624521761085766386
06/04/2022 00:16:37 - WARNING - root - No predictions for eval_example 9089255572127376310
06/04/2022 00:16:40 - INFO - tydi_canine.postproc - >>> Step 13000/18670
06/04/2022 00:16:40 - WARNING - root - No passage predicted for eval_example -5269545664347125369. Choosing first.
06/04/2022 00:16:41 - WARNING - root - No passage predicted for eval_example -6537566945275277047. Choosing first.
06/04/2022 00:16:42 - WARNING - root - No passage predicted for eval_example 6617183211078325636. Choosing first.
06/04/2022 00:16:42 - WARNING - root - No passage predicted for eval_example -6186968893709157634. Choosing first.
06/04/2022 00:16:42 - WARNING - root - No predictions for eval_example -1649969650644859165
06/04/2022 00:16:44 - WARNING - root - No predictions for eval_example -7699728260210150066
06/04/2022 00:16:47 - WARNING - root - No predictions for eval_example -6954899803338221441
06/04/2022 00:16:47 - WARNING - root - No passage predicted for eval_example -89874796598001720. Choosing first.
06/04/2022 00:16:48 - WARNING - root - No passage predicted for eval_example -2269871935447451654. Choosing first.
06/04/2022 00:16:49 - WARNING - root - No predictions for eval_example 3063882661874924760
06/04/2022 00:16:49 - WARNING - root - No predictions for eval_example 1334463884831358093
06/04/2022 00:16:49 - WARNING - root - No predictions for eval_example 5178554494962141741
06/04/2022 00:16:50 - WARNING - root - No predictions for eval_example -2186146564526645712
06/04/2022 00:16:50 - INFO - tydi_canine.postproc - >>> Step 14000/18670
06/04/2022 00:16:51 - WARNING - root - No predictions for eval_example -3880347932520257147
06/04/2022 00:16:51 - WARNING - root - No predictions for eval_example 2299368643530684657
06/04/2022 00:16:51 - WARNING - root - No passage predicted for eval_example -5545495779511166009. Choosing first.
06/04/2022 00:16:52 - WARNING - root - No predictions for eval_example -4871735820223253870
06/04/2022 00:16:55 - WARNING - root - No passage predicted for eval_example 5303424918281691366. Choosing first.
06/04/2022 00:16:58 - WARNING - root - No predictions for eval_example 8686391243703231937
06/04/2022 00:16:59 - WARNING - root - No passage predicted for eval_example -2999534583346695596. Choosing first.
06/04/2022 00:17:00 - INFO - tydi_canine.postproc - >>> Step 15000/18670
06/04/2022 00:17:03 - WARNING - root - No predictions for eval_example 8741182622706771783
06/04/2022 00:17:03 - WARNING - root - No predictions for eval_example 6143782389964462598
06/04/2022 00:17:04 - WARNING - root - No predictions for eval_example 3979463286233338154
06/04/2022 00:17:05 - WARNING - root - No passage predicted for eval_example 6431558332890928313. Choosing first.
06/04/2022 00:17:06 - WARNING - root - No passage predicted for eval_example -1846646609304179157. Choosing first.
06/04/2022 00:17:07 - WARNING - root - No predictions for eval_example 961497966202052189
06/04/2022 00:17:07 - WARNING - root - No passage predicted for eval_example -828419093015544718. Choosing first.
06/04/2022 00:17:09 - WARNING - root - No passage predicted for eval_example 499243061580233626. Choosing first.
06/04/2022 00:17:10 - WARNING - root - No predictions for eval_example 8419760546112101660
06/04/2022 00:17:10 - INFO - tydi_canine.postproc - >>> Step 16000/18670
06/04/2022 00:17:11 - WARNING - root - No predictions for eval_example 8633220884591719561
06/04/2022 00:17:11 - WARNING - root - No predictions for eval_example -1827348573793328684
06/04/2022 00:17:12 - WARNING - root - No predictions for eval_example -4020963658051511774
06/04/2022 00:17:12 - WARNING - root - No predictions for eval_example 6576762368386854706
06/04/2022 00:17:15 - WARNING - root - No predictions for eval_example 5585953506784041766
06/04/2022 00:17:16 - WARNING - root - No passage predicted for eval_example 2595983157228829776. Choosing first.
06/04/2022 00:17:19 - WARNING - root - No predictions for eval_example -2542571442848367518
06/04/2022 00:17:19 - INFO - tydi_canine.postproc - >>> Step 17000/18670
06/04/2022 00:17:21 - WARNING - root - No predictions for eval_example -8017664802489988424
06/04/2022 00:17:25 - WARNING - root - No predictions for eval_example 6110028379954885714
06/04/2022 00:17:27 - WARNING - root - No predictions for eval_example -6426543800533980864
06/04/2022 00:17:28 - WARNING - root - No passage predicted for eval_example 8596937027040998706. Choosing first.
06/04/2022 00:17:29 - WARNING - root - No passage predicted for eval_example 9035334114280147788. Choosing first.
06/04/2022 00:17:29 - INFO - tydi_canine.postproc - >>> Step 18000/18670
06/04/2022 00:17:31 - WARNING - root - No predictions for eval_example -3075527676615172071
06/04/2022 00:17:32 - WARNING - root - No passage predicted for eval_example -496111494239356032. Choosing first.
06/04/2022 00:17:33 - WARNING - root - No passage predicted for eval_example -108770036113665960. Choosing first.
06/04/2022 00:17:37 - INFO - root -   Num post-processed results: 18584
06/04/2022 00:17:37 - INFO - tydi_canine.run_tydi_lib - Prediction finished for all shards.
06/04/2022 00:17:37 - INFO - tydi_canine.run_tydi_lib -   Total output predictions: 18584
