06/04/2022 20:19:43 - INFO - tydi_canine.run_tydi_lib - **********  Configuration Arguments **********
06/04/2022 20:19:43 - INFO - tydi_canine.run_tydi_lib - candidate_beam: None
06/04/2022 20:19:43 - INFO - tydi_canine.run_tydi_lib - checkout_steps: 2000
06/04/2022 20:19:43 - INFO - tydi_canine.run_tydi_lib - dev_split_ratio: 0.002
06/04/2022 20:19:43 - INFO - tydi_canine.run_tydi_lib - do_file_construct: False
06/04/2022 20:19:43 - INFO - tydi_canine.run_tydi_lib - do_predict: False
06/04/2022 20:19:43 - INFO - tydi_canine.run_tydi_lib - do_train: True
06/04/2022 20:19:43 - INFO - tydi_canine.run_tydi_lib - fp16: True
06/04/2022 20:19:43 - INFO - tydi_canine.run_tydi_lib - gradient_accumulation_steps: 32
06/04/2022 20:19:43 - INFO - tydi_canine.run_tydi_lib - learning_rate: 5e-05
06/04/2022 20:19:43 - INFO - tydi_canine.run_tydi_lib - logging_steps: 300
06/04/2022 20:19:43 - INFO - tydi_canine.run_tydi_lib - max_answer_length: None
06/04/2022 20:19:43 - INFO - tydi_canine.run_tydi_lib - max_position: None
06/04/2022 20:19:43 - INFO - tydi_canine.run_tydi_lib - max_seq_length: 2048
06/04/2022 20:19:43 - INFO - tydi_canine.run_tydi_lib - max_to_predict: None
06/04/2022 20:19:43 - INFO - tydi_canine.run_tydi_lib - num_train_epochs: 10
06/04/2022 20:19:43 - INFO - tydi_canine.run_tydi_lib - output_dir: data/tydiqa_baseline_model/train
06/04/2022 20:19:43 - INFO - tydi_canine.run_tydi_lib - output_prediction_file: None
06/04/2022 20:19:43 - INFO - tydi_canine.run_tydi_lib - precomputed_predict_file: None
06/04/2022 20:19:43 - INFO - tydi_canine.run_tydi_lib - predict_batch_size: None
06/04/2022 20:19:43 - INFO - tydi_canine.run_tydi_lib - predict_file: None
06/04/2022 20:19:43 - INFO - tydi_canine.run_tydi_lib - scale_loss: 4096.0
06/04/2022 20:19:43 - INFO - tydi_canine.run_tydi_lib - seed: 5121
06/04/2022 20:19:43 - INFO - tydi_canine.run_tydi_lib - state_dict_path: None
06/04/2022 20:19:43 - INFO - tydi_canine.run_tydi_lib - train_batch_size: 16
06/04/2022 20:19:43 - INFO - tydi_canine.run_tydi_lib - train_input_dir: data/tydi/train.h5df
06/04/2022 20:19:43 - INFO - tydi_canine.run_tydi_lib - warmup_proportion: 0.1
06/04/2022 20:19:43 - INFO - tydi_canine.run_tydi_lib - **************************************************
06/04/2022 20:19:53 - INFO - tydi_canine.run_tydi_lib - >>> num_training_samples: 459627
06/04/2022 20:19:53 - INFO - tydi_canine.run_tydi_lib - >>> num_dev_samples: 921
06/04/2022 20:19:53 - INFO - tydi_canine.run_tydi_lib - >>> theory batch size (batch * gradient step * n_gpus): 512
06/04/2022 20:19:53 - INFO - tydi_canine.run_tydi_lib - >>> num_train_steps for each GPU: 8970
06/04/2022 20:19:53 - INFO - tydi_canine.run_tydi_lib - >>> start training...
06/04/2022 21:19:34 - INFO - tydi_canine.run_tydi_lib - Step 300/8970 train loss 2.4200 dev loss 1.2922 acc 6.27% diff 692.96 time 59.68min
06/04/2022 22:19:27 - INFO - tydi_canine.run_tydi_lib - Step 600/8970 train loss 1.1115 dev loss 0.9971 acc 55.69% diff 598.95 time 59.88min
06/04/2022 23:19:34 - INFO - tydi_canine.run_tydi_lib - Step 900/8970 train loss 0.8969 dev loss 0.7918 acc 74.51% diff 427.89 time 60.11min
06/05/2022 00:19:50 - INFO - tydi_canine.run_tydi_lib - Step 1200/8970 train loss 0.7583 dev loss 0.6690 acc 74.12% diff 517.56 time 60.28min
06/05/2022 01:20:08 - INFO - tydi_canine.run_tydi_lib - Step 1500/8970 train loss 0.6731 dev loss 0.6503 acc 71.76% diff 451.90 time 60.30min
06/05/2022 02:20:31 - INFO - tydi_canine.run_tydi_lib - Step 1800/8970 train loss 0.6110 dev loss 0.6156 acc 81.18% diff 339.46 time 60.38min
06/05/2022 03:20:49 - INFO - tydi_canine.run_tydi_lib - Step 2100/8970 train loss 0.5722 dev loss 0.6036 acc 72.94% diff 405.60 time 60.29min
06/05/2022 04:21:01 - INFO - tydi_canine.run_tydi_lib - Step 2400/8970 train loss 0.5277 dev loss 0.5892 acc 80.00% diff 317.83 time 60.20min
06/05/2022 05:21:21 - INFO - tydi_canine.run_tydi_lib - Step 2700/8970 train loss 0.4929 dev loss 0.5868 acc 80.78% diff 333.80 time 60.33min
06/05/2022 06:21:35 - INFO - tydi_canine.run_tydi_lib - Step 3000/8970 train loss 0.4621 dev loss 0.6078 acc 75.69% diff 342.02 time 60.24min
06/05/2022 07:21:45 - INFO - tydi_canine.run_tydi_lib - Step 3300/8970 train loss 0.4349 dev loss 0.6211 acc 76.47% diff 316.17 time 60.17min
06/05/2022 08:22:11 - INFO - tydi_canine.run_tydi_lib - Step 3600/8970 train loss 0.4019 dev loss 0.6050 acc 80.00% diff 327.86 time 60.43min
06/05/2022 09:22:42 - INFO - tydi_canine.run_tydi_lib - Step 3900/8970 train loss 0.3741 dev loss 0.6656 acc 77.25% diff 327.82 time 60.52min
06/05/2022 10:23:42 - INFO - tydi_canine.run_tydi_lib - Step 4200/8970 train loss 0.3536 dev loss 0.6647 acc 77.65% diff 303.95 time 60.99min
06/05/2022 11:24:55 - INFO - tydi_canine.run_tydi_lib - Step 4500/8970 train loss 0.3256 dev loss 0.6487 acc 79.22% diff 315.83 time 61.23min
06/05/2022 12:26:10 - INFO - tydi_canine.run_tydi_lib - Step 4800/8970 train loss 0.3047 dev loss 0.7151 acc 74.90% diff 315.73 time 61.24min
06/05/2022 13:27:11 - INFO - tydi_canine.run_tydi_lib - Step 5100/8970 train loss 0.2861 dev loss 0.7536 acc 72.16% diff 330.97 time 61.01min
06/05/2022 14:28:28 - INFO - tydi_canine.run_tydi_lib - Step 5400/8970 train loss 0.2705 dev loss 0.7132 acc 78.04% diff 305.36 time 61.28min
06/05/2022 15:29:20 - INFO - tydi_canine.run_tydi_lib - Step 5700/8970 train loss 0.2499 dev loss 0.7535 acc 76.86% diff 299.08 time 60.86min
06/05/2022 16:30:05 - INFO - tydi_canine.run_tydi_lib - Step 6000/8970 train loss 0.2376 dev loss 0.8149 acc 72.94% diff 305.42 time 60.75min
06/05/2022 17:31:05 - INFO - tydi_canine.run_tydi_lib - Step 6300/8970 train loss 0.2221 dev loss 0.7580 acc 77.25% diff 299.30 time 61.00min
06/05/2022 18:31:49 - INFO - tydi_canine.run_tydi_lib - Step 6600/8970 train loss 0.2056 dev loss 0.8085 acc 76.47% diff 297.55 time 60.73min
06/05/2022 19:32:30 - INFO - tydi_canine.run_tydi_lib - Step 6900/8970 train loss 0.1982 dev loss 0.8327 acc 77.65% diff 289.70 time 60.67min
06/05/2022 20:33:44 - INFO - tydi_canine.run_tydi_lib - Step 7200/8970 train loss 0.1848 dev loss 0.8182 acc 78.43% diff 296.03 time 61.23min
06/05/2022 21:35:00 - INFO - tydi_canine.run_tydi_lib - Step 7500/8970 train loss 0.1732 dev loss 0.9171 acc 73.33% diff 336.69 time 61.28min
06/05/2022 22:36:23 - INFO - tydi_canine.run_tydi_lib - Step 7800/8970 train loss 0.1700 dev loss 0.8878 acc 75.69% diff 316.82 time 61.38min
06/05/2022 23:38:04 - INFO - tydi_canine.run_tydi_lib - Step 8100/8970 train loss 0.1615 dev loss 0.8655 acc 75.69% diff 301.30 time 61.68min
06/06/2022 00:39:27 - INFO - tydi_canine.run_tydi_lib - Step 8400/8970 train loss 0.1519 dev loss 0.9263 acc 75.69% diff 330.32 time 61.38min
06/06/2022 01:40:48 - INFO - tydi_canine.run_tydi_lib - Step 8700/8970 train loss 0.1500 dev loss 0.9138 acc 75.69% diff 327.13 time 61.35min
06/06/2022 02:36:13 - INFO - tydi_canine.run_tydi_lib - Step 8970/8970 train loss 0.1313 dev loss 0.9081 acc 76.08% diff 311.27 time 55.42min
06/06/2022 02:36:22 - INFO - tydi_canine.run_tydi_lib - training done, total steps trained: 8970
